<?xml version="1.0" encoding="UTF-8"?>
<!-- Generated by org.testng.reporters.JUnitReportReporter -->
<testsuite hostname="Tonnies-MBP" failures="0" tests="3" name="TestRunner" time="38.012" errors="0" timestamp="2022-11-29T16:58:55 EST" skipped="0">
  <testcase classname="TestRunner" name="runScenario" time="11.374"/>
  <system-out/>
  <testcase classname="TestRunner" name="runScenario" time="16.605"/>
  <system-out/>
  <testcase classname="TestRunner" name="runScenario" time="10.033"/>
  <system-out/>
</testsuite> <!-- TestRunner -->
